Arguments: 
  /usr/bin/node /usr/share/yarn/bin/yarn.js install

PATH: 
  /home/andrea/.local/bin:/home/andrea/.local/bin:/usr/local/sbin:/usr/local/bin:/usr/sbin:/usr/bin:/sbin:/bin:/usr/games:/usr/local/games:/snap/bin

Yarn version: 
  1.16.0

Node version: 
  8.10.0

Platform: 
  linux x64

Trace: 
  SyntaxError: /home/andrea/video-test/package.json: Unexpected token } in JSON at position 183
      at JSON.parse (<anonymous>)
      at /usr/share/yarn/lib/cli.js:1625:59
      at Generator.next (<anonymous>)
      at step (/usr/share/yarn/lib/cli.js:304:30)
      at /usr/share/yarn/lib/cli.js:315:13
      at <anonymous>

npm manifest: 
  {
    "name": "server",
    "version": "1.0.0",
    "main": "src/index.js",
    "license": "MIT",
    "private": true,
    "dependencies": {
      "archiver": "^3.0.0",
      "bcrypt": "^3.0.5",
      "better-sqlite3": "^5.4.0",
      "body-parser": "^1.18.3",
      "cookie-parser": "^1.4.4",
      "eslint-plugin-prettier": "^3.0.1",
      "express": "^4.16.4",
      "express-session": "^1.15.6",
      "husky": "^1.3.1",
      "multer": "^1.4.1",
      "nodemon": "^1.18.9",
      "prettier": "^1.16.4",
      "pretty-quick": "^1.10.0",
      "request": "^2.88.0"
    },
    "scripts": {
      "start": "yarn run nodemon src/index.js"
    },
    "husky": {
      "hooks": {
        "pre-commit": "pretty-quick --staged"
      }
    }
  }

yarn manifest: 
  No manifest

Lockfile: 
  No lockfile
